2019-12-29 12:47:03.019  INFO 23828 --- [restartedMain] c.c.w.WebshirodemoApplication            : Starting WebshirodemoApplication on B0S8UKBOFJR55TU with PID 23828 (D:\ideapro\webshirodemo\target\classes started by Administrator in D:\ideapro\webshirodemo)
2019-12-29 12:47:03.027  INFO 23828 --- [restartedMain] c.c.w.WebshirodemoApplication            : No active profile set, falling back to default profiles: default
2019-12-29 12:47:03.142  INFO 23828 --- [restartedMain] .e.DevToolsPropertyDefaultsPostProcessor : Devtools property defaults active! Set 'spring.devtools.add-properties' to 'false' to disable
2019-12-29 12:47:03.143  INFO 23828 --- [restartedMain] .e.DevToolsPropertyDefaultsPostProcessor : For additional web related logging consider setting the 'logging.level.web' property to 'DEBUG'
2019-12-29 12:47:05.642  INFO 23828 --- [restartedMain] .s.d.r.c.RepositoryConfigurationDelegate : Multiple Spring Data modules found, entering strict repository configuration mode!
2019-12-29 12:47:05.665  INFO 23828 --- [restartedMain] .s.d.r.c.RepositoryConfigurationDelegate : Bootstrapping Spring Data Redis repositories in DEFAULT mode.
2019-12-29 12:47:05.772  INFO 23828 --- [restartedMain] .s.d.r.c.RepositoryConfigurationDelegate : Finished Spring Data repository scanning in 36ms. Found 0 Redis repository interfaces.
2019-12-29 12:47:06.345  INFO 23828 --- [restartedMain] trationDelegate$BeanPostProcessorChecker : Bean 'org.springframework.transaction.annotation.ProxyTransactionManagementConfiguration' of type [org.springframework.transaction.annotation.ProxyTransactionManagementConfiguration] is not eligible for getting processed by all BeanPostProcessors (for example: not eligible for auto-proxying)
2019-12-29 12:47:07.032  INFO 23828 --- [restartedMain] o.s.b.w.embedded.tomcat.TomcatWebServer  : Tomcat initialized with port(s): 8080 (http)
2019-12-29 12:47:07.051  INFO 23828 --- [restartedMain] o.apache.catalina.core.StandardService   : Starting service [Tomcat]
2019-12-29 12:47:07.051  INFO 23828 --- [restartedMain] org.apache.catalina.core.StandardEngine  : Starting Servlet engine: [Apache Tomcat/9.0.29]
2019-12-29 12:47:07.258  INFO 23828 --- [restartedMain] o.a.c.c.C.[Tomcat].[localhost].[/]       : Initializing Spring embedded WebApplicationContext
2019-12-29 12:47:07.259  INFO 23828 --- [restartedMain] o.s.web.context.ContextLoader            : Root WebApplicationContext: initialization completed in 4116 ms
2019-12-29 12:47:07.487  INFO 23828 --- [restartedMain] c.a.d.s.b.a.DruidDataSourceAutoConfigure : Init DruidDataSource
2019-12-29 12:47:08.131  INFO 23828 --- [restartedMain] com.alibaba.druid.pool.DruidDataSource   : {dataSource-1} inited
2019-12-29 12:47:09.586  INFO 23828 --- [restartedMain] pertySourcedRequestMappingHandlerMapping : Mapped URL path [/v2/api-docs] onto method [springfox.documentation.swagger2.web.Swagger2Controller#getDocumentation(String, HttpServletRequest)]
2019-12-29 12:47:09.757  INFO 23828 --- [restartedMain] o.s.s.concurrent.ThreadPoolTaskExecutor  : Initializing ExecutorService 'applicationTaskExecutor'
2019-12-29 12:47:09.824  INFO 23828 --- [restartedMain] o.s.b.d.a.OptionalLiveReloadServer       : LiveReload server is running on port 35729
2019-12-29 12:47:10.213  INFO 23828 --- [restartedMain] d.s.w.p.DocumentationPluginsBootstrapper : Context refreshed
2019-12-29 12:47:10.308  INFO 23828 --- [restartedMain] d.s.w.p.DocumentationPluginsBootstrapper : Found 1 custom documentation plugin(s)
2019-12-29 12:47:10.349  INFO 23828 --- [restartedMain] s.d.s.w.s.ApiListingReferenceScanner     : Scanning for api listing references
2019-12-29 12:47:10.789  INFO 23828 --- [restartedMain] o.s.b.w.embedded.tomcat.TomcatWebServer  : Tomcat started on port(s): 8080 (http) with context path ''
2019-12-29 12:47:10.793  INFO 23828 --- [restartedMain] c.c.w.WebshirodemoApplication            : Started WebshirodemoApplication in 8.476 seconds (JVM running for 23.08)
2019-12-29 12:47:42.828  INFO 23828 --- [http-nio-8080-exec-1] o.a.c.c.C.[Tomcat].[localhost].[/]       : Initializing Spring DispatcherServlet 'dispatcherServlet'
2019-12-29 12:47:42.828  INFO 23828 --- [http-nio-8080-exec-1] o.s.web.servlet.DispatcherServlet        : Initializing Servlet 'dispatcherServlet'
2019-12-29 12:47:42.837  INFO 23828 --- [http-nio-8080-exec-1] o.s.web.servlet.DispatcherServlet        : Completed initialization in 8 ms
2019-12-29 12:58:45.630  INFO 23828 --- [Thread-21] o.s.s.concurrent.ThreadPoolTaskExecutor  : Shutting down ExecutorService 'applicationTaskExecutor'
2019-12-29 12:58:45.827  INFO 23828 --- [Thread-21] com.alibaba.druid.pool.DruidDataSource   : {dataSource-1} closed
2019-12-29 12:59:02.780  INFO 23828 --- [restartedMain] c.c.w.WebshirodemoApplication            : Starting WebshirodemoApplication on B0S8UKBOFJR55TU with PID 23828 (D:\ideapro\webshirodemo\target\classes started by Administrator in D:\ideapro\webshirodemo)
2019-12-29 12:59:02.780  INFO 23828 --- [restartedMain] c.c.w.WebshirodemoApplication            : No active profile set, falling back to default profiles: default
2019-12-29 12:59:03.639  INFO 23828 --- [restartedMain] .s.d.r.c.RepositoryConfigurationDelegate : Multiple Spring Data modules found, entering strict repository configuration mode!
2019-12-29 12:59:03.641  INFO 23828 --- [restartedMain] .s.d.r.c.RepositoryConfigurationDelegate : Bootstrapping Spring Data Redis repositories in DEFAULT mode.
2019-12-29 12:59:03.678  INFO 23828 --- [restartedMain] .s.d.r.c.RepositoryConfigurationDelegate : Finished Spring Data repository scanning in 34ms. Found 0 Redis repository interfaces.
2019-12-29 12:59:03.880  INFO 23828 --- [restartedMain] trationDelegate$BeanPostProcessorChecker : Bean 'org.springframework.transaction.annotation.ProxyTransactionManagementConfiguration' of type [org.springframework.transaction.annotation.ProxyTransactionManagementConfiguration] is not eligible for getting processed by all BeanPostProcessors (for example: not eligible for auto-proxying)
2019-12-29 12:59:04.009  WARN 23828 --- [restartedMain] org.apache.tomcat.util.modeler.Registry  : The MBean registry cannot be disabled because it has already been initialised
2019-12-29 12:59:04.221  INFO 23828 --- [restartedMain] o.s.b.w.embedded.tomcat.TomcatWebServer  : Tomcat initialized with port(s): 8080 (http)
2019-12-29 12:59:04.221  INFO 23828 --- [restartedMain] o.apache.catalina.core.StandardService   : Starting service [Tomcat]
2019-12-29 12:59:04.222  INFO 23828 --- [restartedMain] org.apache.catalina.core.StandardEngine  : Starting Servlet engine: [Apache Tomcat/9.0.29]
2019-12-29 12:59:04.305  INFO 23828 --- [restartedMain] o.a.c.c.C.[Tomcat].[localhost].[/]       : Initializing Spring embedded WebApplicationContext
2019-12-29 12:59:04.306  INFO 23828 --- [restartedMain] o.s.web.context.ContextLoader            : Root WebApplicationContext: initialization completed in 1521 ms
2019-12-29 12:59:04.349  INFO 23828 --- [restartedMain] c.a.d.s.b.a.DruidDataSourceAutoConfigure : Init DruidDataSource
2019-12-29 12:59:04.458  INFO 23828 --- [restartedMain] com.alibaba.druid.pool.DruidDataSource   : {dataSource-2} inited
2019-12-29 12:59:04.736  INFO 23828 --- [restartedMain] pertySourcedRequestMappingHandlerMapping : Mapped URL path [/v2/api-docs] onto method [springfox.documentation.swagger2.web.Swagger2Controller#getDocumentation(String, HttpServletRequest)]
2019-12-29 12:59:04.829  INFO 23828 --- [restartedMain] o.s.s.concurrent.ThreadPoolTaskExecutor  : Initializing ExecutorService 'applicationTaskExecutor'
2019-12-29 12:59:04.838  INFO 23828 --- [restartedMain] o.s.b.d.a.OptionalLiveReloadServer       : LiveReload server is running on port 35729
2019-12-29 12:59:05.049  INFO 23828 --- [restartedMain] d.s.w.p.DocumentationPluginsBootstrapper : Context refreshed
2019-12-29 12:59:05.049  INFO 23828 --- [restartedMain] d.s.w.p.DocumentationPluginsBootstrapper : Found 1 custom documentation plugin(s)
2019-12-29 12:59:05.055  INFO 23828 --- [restartedMain] s.d.s.w.s.ApiListingReferenceScanner     : Scanning for api listing references
2019-12-29 12:59:05.153  INFO 23828 --- [restartedMain] o.s.b.w.embedded.tomcat.TomcatWebServer  : Tomcat started on port(s): 8080 (http) with context path ''
2019-12-29 12:59:05.178  INFO 23828 --- [restartedMain] c.c.w.WebshirodemoApplication            : Started WebshirodemoApplication in 2.47 seconds (JVM running for 737.465)
2019-12-29 12:59:05.184  INFO 23828 --- [restartedMain] .ConditionEvaluationDeltaLoggingListener : Condition evaluation unchanged
2019-12-29 14:17:18.520  INFO 27000 --- [restartedMain] c.c.w.WebshirodemoApplication            : Starting WebshirodemoApplication on B0S8UKBOFJR55TU with PID 27000 (D:\ideapro\webshirodemo\target\classes started by Administrator in D:\ideapro\webshirodemo)
2019-12-29 14:17:18.524  INFO 27000 --- [restartedMain] c.c.w.WebshirodemoApplication            : No active profile set, falling back to default profiles: default
2019-12-29 14:17:18.603  INFO 27000 --- [restartedMain] .e.DevToolsPropertyDefaultsPostProcessor : Devtools property defaults active! Set 'spring.devtools.add-properties' to 'false' to disable
2019-12-29 14:17:18.604  INFO 27000 --- [restartedMain] .e.DevToolsPropertyDefaultsPostProcessor : For additional web related logging consider setting the 'logging.level.web' property to 'DEBUG'
2019-12-29 14:17:20.034  INFO 27000 --- [restartedMain] .s.d.r.c.RepositoryConfigurationDelegate : Multiple Spring Data modules found, entering strict repository configuration mode!
2019-12-29 14:17:20.037  INFO 27000 --- [restartedMain] .s.d.r.c.RepositoryConfigurationDelegate : Bootstrapping Spring Data Redis repositories in DEFAULT mode.
2019-12-29 14:17:20.110  INFO 27000 --- [restartedMain] .s.d.r.c.RepositoryConfigurationDelegate : Finished Spring Data repository scanning in 51ms. Found 0 Redis repository interfaces.
2019-12-29 14:17:20.495  INFO 27000 --- [restartedMain] trationDelegate$BeanPostProcessorChecker : Bean 'shiroConfig' of type [cn.czy15.webshirodemo.config.ShiroConfig$$EnhancerBySpringCGLIB$$ec9f38bd] is not eligible for getting processed by all BeanPostProcessors (for example: not eligible for auto-proxying)
2019-12-29 14:17:32.746  INFO 27000 --- [restartedMain] trationDelegate$BeanPostProcessorChecker : Bean 'redisConfig' of type [cn.czy15.webshirodemo.config.RedisConfig$$EnhancerBySpringCGLIB$$376dc007] is not eligible for getting processed by all BeanPostProcessors (for example: not eligible for auto-proxying)
2019-12-29 14:17:32.775  INFO 27000 --- [restartedMain] trationDelegate$BeanPostProcessorChecker : Bean 'spring.redis-org.springframework.boot.autoconfigure.data.redis.RedisProperties' of type [org.springframework.boot.autoconfigure.data.redis.RedisProperties] is not eligible for getting processed by all BeanPostProcessors (for example: not eligible for auto-proxying)
2019-12-29 14:17:32.779  INFO 27000 --- [restartedMain] trationDelegate$BeanPostProcessorChecker : Bean 'org.springframework.boot.autoconfigure.data.redis.LettuceConnectionConfiguration' of type [org.springframework.boot.autoconfigure.data.redis.LettuceConnectionConfiguration] is not eligible for getting processed by all BeanPostProcessors (for example: not eligible for auto-proxying)
2019-12-29 14:17:32.880  INFO 27000 --- [restartedMain] trationDelegate$BeanPostProcessorChecker : Bean 'lettuceClientResources' of type [io.lettuce.core.resource.DefaultClientResources] is not eligible for getting processed by all BeanPostProcessors (for example: not eligible for auto-proxying)
2019-12-29 14:17:32.993  INFO 27000 --- [restartedMain] trationDelegate$BeanPostProcessorChecker : Bean 'redisConnectionFactory' of type [org.springframework.data.redis.connection.lettuce.LettuceConnectionFactory] is not eligible for getting processed by all BeanPostProcessors (for example: not eligible for auto-proxying)
2019-12-29 14:17:33.074  INFO 27000 --- [restartedMain] trationDelegate$BeanPostProcessorChecker : Bean 'redisTemplate' of type [org.springframework.data.redis.core.RedisTemplate] is not eligible for getting processed by all BeanPostProcessors (for example: not eligible for auto-proxying)
2019-12-29 14:17:33.075  INFO 27000 --- [restartedMain] trationDelegate$BeanPostProcessorChecker : Bean 'redisService' of type [cn.czy15.webshirodemo.service.RedisService] is not eligible for getting processed by all BeanPostProcessors (for example: not eligible for auto-proxying)
2019-12-29 14:17:33.075  INFO 27000 --- [restartedMain] trationDelegate$BeanPostProcessorChecker : Bean 'customHashedCredentialsMatcher' of type [cn.czy15.webshirodemo.shiro.CustomHashedCredentialsMatcher] is not eligible for getting processed by all BeanPostProcessors (for example: not eligible for auto-proxying)
2019-12-29 14:17:33.078  INFO 27000 --- [restartedMain] trationDelegate$BeanPostProcessorChecker : Bean 'redisCacheManager' of type [cn.czy15.webshirodemo.shiro.RedisCacheManager] is not eligible for getting processed by all BeanPostProcessors (for example: not eligible for auto-proxying)
2019-12-29 14:17:33.083  INFO 27000 --- [restartedMain] trationDelegate$BeanPostProcessorChecker : Bean 'customRealm' of type [cn.czy15.webshirodemo.shiro.CustomRealm] is not eligible for getting processed by all BeanPostProcessors (for example: not eligible for auto-proxying)
2019-12-29 14:17:33.105  INFO 27000 --- [restartedMain] trationDelegate$BeanPostProcessorChecker : Bean 'securityManager' of type [org.apache.shiro.web.mgt.DefaultWebSecurityManager] is not eligible for getting processed by all BeanPostProcessors (for example: not eligible for auto-proxying)
2019-12-29 14:17:33.160  INFO 27000 --- [restartedMain] trationDelegate$BeanPostProcessorChecker : Bean 'authorizationAttributeSourceAdvisor' of type [org.apache.shiro.spring.security.interceptor.AuthorizationAttributeSourceAdvisor] is not eligible for getting processed by all BeanPostProcessors (for example: not eligible for auto-proxying)
2019-12-29 14:17:33.174  INFO 27000 --- [restartedMain] trationDelegate$BeanPostProcessorChecker : Bean 'org.springframework.transaction.annotation.ProxyTransactionManagementConfiguration' of type [org.springframework.transaction.annotation.ProxyTransactionManagementConfiguration] is not eligible for getting processed by all BeanPostProcessors (for example: not eligible for auto-proxying)
2019-12-29 14:17:33.740  INFO 27000 --- [restartedMain] o.s.b.w.embedded.tomcat.TomcatWebServer  : Tomcat initialized with port(s): 8080 (http)
2019-12-29 14:17:33.754  INFO 27000 --- [restartedMain] o.apache.catalina.core.StandardService   : Starting service [Tomcat]
2019-12-29 14:17:33.754  INFO 27000 --- [restartedMain] org.apache.catalina.core.StandardEngine  : Starting Servlet engine: [Apache Tomcat/9.0.29]
2019-12-29 14:17:33.983  INFO 27000 --- [restartedMain] o.a.c.c.C.[Tomcat].[localhost].[/]       : Initializing Spring embedded WebApplicationContext
2019-12-29 14:17:33.983  INFO 27000 --- [restartedMain] o.s.web.context.ContextLoader            : Root WebApplicationContext: initialization completed in 15379 ms
2019-12-29 14:17:34.331  INFO 27000 --- [restartedMain] c.a.d.s.b.a.DruidDataSourceAutoConfigure : Init DruidDataSource
2019-12-29 14:17:34.859  INFO 27000 --- [restartedMain] com.alibaba.druid.pool.DruidDataSource   : {dataSource-1} inited
2019-12-29 14:17:36.144  INFO 27000 --- [restartedMain] pertySourcedRequestMappingHandlerMapping : Mapped URL path [/v2/api-docs] onto method [springfox.documentation.swagger2.web.Swagger2Controller#getDocumentation(String, HttpServletRequest)]
2019-12-29 14:17:36.412  INFO 27000 --- [restartedMain] o.s.s.concurrent.ThreadPoolTaskExecutor  : Initializing ExecutorService 'applicationTaskExecutor'
2019-12-29 14:17:36.497  INFO 27000 --- [restartedMain] o.s.b.d.a.OptionalLiveReloadServer       : LiveReload server is running on port 35729
2019-12-29 14:17:37.033  INFO 27000 --- [restartedMain] d.s.w.p.DocumentationPluginsBootstrapper : Context refreshed
2019-12-29 14:17:37.059  INFO 27000 --- [restartedMain] d.s.w.p.DocumentationPluginsBootstrapper : Found 1 custom documentation plugin(s)
2019-12-29 14:17:37.103  INFO 27000 --- [restartedMain] s.d.s.w.s.ApiListingReferenceScanner     : Scanning for api listing references
2019-12-29 14:17:37.386  INFO 27000 --- [restartedMain] o.s.b.w.embedded.tomcat.TomcatWebServer  : Tomcat started on port(s): 8080 (http) with context path ''
2019-12-29 14:17:37.389  INFO 27000 --- [restartedMain] c.c.w.WebshirodemoApplication            : Started WebshirodemoApplication in 19.383 seconds (JVM running for 35.482)
2019-12-29 14:18:16.927  INFO 27000 --- [http-nio-8080-exec-1] o.a.c.c.C.[Tomcat].[localhost].[/]       : Initializing Spring DispatcherServlet 'dispatcherServlet'
2019-12-29 14:18:16.928  INFO 27000 --- [http-nio-8080-exec-1] o.s.web.servlet.DispatcherServlet        : Initializing Servlet 'dispatcherServlet'
2019-12-29 14:18:16.942  INFO 27000 --- [http-nio-8080-exec-1] o.s.web.servlet.DispatcherServlet        : Completed initialization in 14 ms
2019-12-29 14:18:45.443  INFO 27000 --- [http-nio-8080-exec-4] c.c.w.shiro.CustomAccessControlerFilter  : POST
2019-12-29 14:18:45.444  INFO 27000 --- [http-nio-8080-exec-4] c.c.w.shiro.CustomAccessControlerFilter  : http://localhost:8080/api/users
2019-12-29 14:20:53.309  INFO 27000 --- [http-nio-8080-exec-9] c.c.w.shiro.CustomAccessControlerFilter  : POST
2019-12-29 14:20:53.309  INFO 27000 --- [http-nio-8080-exec-9] c.c.w.shiro.CustomAccessControlerFilter  : http://localhost:8080/api/users
2019-12-29 14:20:53.443 ERROR 27000 --- [http-nio-8080-exec-9] c.czy15.webshirodemo.utils.JwtTokenUtil  : eror={}

java.lang.NullPointerException: null
	at cn.czy15.webshirodemo.utils.JwtTokenUtil.getUserId(JwtTokenUtil.java:141) ~[classes/:na]
	at cn.czy15.webshirodemo.shiro.CustomHashedCredentialsMatcher.doCredentialsMatch(CustomHashedCredentialsMatcher.java:31) [classes/:na]
	at org.apache.shiro.realm.AuthenticatingRealm.assertCredentialsMatch(AuthenticatingRealm.java:600) [shiro-core-1.4.1.jar:1.4.1]
	at org.apache.shiro.realm.AuthenticatingRealm.getAuthenticationInfo(AuthenticatingRealm.java:581) [shiro-core-1.4.1.jar:1.4.1]
	at org.apache.shiro.authc.pam.ModularRealmAuthenticator.doSingleRealmAuthentication(ModularRealmAuthenticator.java:180) [shiro-core-1.4.1.jar:1.4.1]
	at org.apache.shiro.authc.pam.ModularRealmAuthenticator.doAuthenticate(ModularRealmAuthenticator.java:267) [shiro-core-1.4.1.jar:1.4.1]
	at org.apache.shiro.authc.AbstractAuthenticator.authenticate(AbstractAuthenticator.java:198) [shiro-core-1.4.1.jar:1.4.1]
	at org.apache.shiro.mgt.AuthenticatingSecurityManager.authenticate(AuthenticatingSecurityManager.java:106) [shiro-core-1.4.1.jar:1.4.1]
	at org.apache.shiro.mgt.DefaultSecurityManager.login(DefaultSecurityManager.java:275) [shiro-core-1.4.1.jar:1.4.1]
	at org.apache.shiro.subject.support.DelegatingSubject.login(DelegatingSubject.java:260) [shiro-core-1.4.1.jar:1.4.1]
	at cn.czy15.webshirodemo.shiro.CustomAccessControlerFilter.onAccessDenied(CustomAccessControlerFilter.java:45) [classes/:na]
	at org.apache.shiro.web.filter.AccessControlFilter.onAccessDenied(AccessControlFilter.java:133) [shiro-web-1.4.1.jar:1.4.1]
	at org.apache.shiro.web.filter.AccessControlFilter.onPreHandle(AccessControlFilter.java:162) [shiro-web-1.4.1.jar:1.4.1]
	at org.apache.shiro.web.filter.PathMatchingFilter.isFilterChainContinued(PathMatchingFilter.java:203) [shiro-web-1.4.1.jar:1.4.1]
	at org.apache.shiro.web.filter.PathMatchingFilter.preHandle(PathMatchingFilter.java:178) [shiro-web-1.4.1.jar:1.4.1]
	at org.apache.shiro.web.servlet.AdviceFilter.doFilterInternal(AdviceFilter.java:131) [shiro-web-1.4.1.jar:1.4.1]
	at org.apache.shiro.web.servlet.OncePerRequestFilter.doFilter(OncePerRequestFilter.java:125) [shiro-web-1.4.1.jar:1.4.1]
	at org.apache.shiro.web.servlet.ProxiedFilterChain.doFilter(ProxiedFilterChain.java:66) [shiro-web-1.4.1.jar:1.4.1]
	at org.apache.shiro.web.servlet.AbstractShiroFilter.executeChain(AbstractShiroFilter.java:449) [shiro-web-1.4.1.jar:1.4.1]
	at org.apache.shiro.web.servlet.AbstractShiroFilter$1.call(AbstractShiroFilter.java:365) [shiro-web-1.4.1.jar:1.4.1]
	at org.apache.shiro.subject.support.SubjectCallable.doCall(SubjectCallable.java:90) [shiro-core-1.4.1.jar:1.4.1]
	at org.apache.shiro.subject.support.SubjectCallable.call(SubjectCallable.java:83) [shiro-core-1.4.1.jar:1.4.1]
	at org.apache.shiro.subject.support.DelegatingSubject.execute(DelegatingSubject.java:387) [shiro-core-1.4.1.jar:1.4.1]
	at org.apache.shiro.web.servlet.AbstractShiroFilter.doFilterInternal(AbstractShiroFilter.java:362) [shiro-web-1.4.1.jar:1.4.1]
	at org.apache.shiro.web.servlet.OncePerRequestFilter.doFilter(OncePerRequestFilter.java:125) [shiro-web-1.4.1.jar:1.4.1]
	at org.apache.catalina.core.ApplicationFilterChain.internalDoFilter(ApplicationFilterChain.java:193) [tomcat-embed-core-9.0.29.jar:9.0.29]
	at org.apache.catalina.core.ApplicationFilterChain.doFilter(ApplicationFilterChain.java:166) [tomcat-embed-core-9.0.29.jar:9.0.29]
	at com.alibaba.druid.support.http.WebStatFilter.doFilter(WebStatFilter.java:123) [druid-1.1.10.jar:1.1.10]
	at org.apache.catalina.core.ApplicationFilterChain.internalDoFilter(ApplicationFilterChain.java:193) [tomcat-embed-core-9.0.29.jar:9.0.29]
	at org.apache.catalina.core.ApplicationFilterChain.doFilter(ApplicationFilterChain.java:166) [tomcat-embed-core-9.0.29.jar:9.0.29]
	at org.springframework.web.filter.RequestContextFilter.doFilterInternal(RequestContextFilter.java:100) [spring-web-5.2.2.RELEASE.jar:5.2.2.RELEASE]
	at org.springframework.web.filter.OncePerRequestFilter.doFilter(OncePerRequestFilter.java:119) [spring-web-5.2.2.RELEASE.jar:5.2.2.RELEASE]
	at org.apache.catalina.core.ApplicationFilterChain.internalDoFilter(ApplicationFilterChain.java:193) [tomcat-embed-core-9.0.29.jar:9.0.29]
	at org.apache.catalina.core.ApplicationFilterChain.doFilter(ApplicationFilterChain.java:166) [tomcat-embed-core-9.0.29.jar:9.0.29]
	at org.springframework.web.filter.FormContentFilter.doFilterInternal(FormContentFilter.java:93) [spring-web-5.2.2.RELEASE.jar:5.2.2.RELEASE]
	at org.springframework.web.filter.OncePerRequestFilter.doFilter(OncePerRequestFilter.java:119) [spring-web-5.2.2.RELEASE.jar:5.2.2.RELEASE]
	at org.apache.catalina.core.ApplicationFilterChain.internalDoFilter(ApplicationFilterChain.java:193) [tomcat-embed-core-9.0.29.jar:9.0.29]
	at org.apache.catalina.core.ApplicationFilterChain.doFilter(ApplicationFilterChain.java:166) [tomcat-embed-core-9.0.29.jar:9.0.29]
	at org.springframework.web.filter.CharacterEncodingFilter.doFilterInternal(CharacterEncodingFilter.java:201) [spring-web-5.2.2.RELEASE.jar:5.2.2.RELEASE]
	at org.springframework.web.filter.OncePerRequestFilter.doFilter(OncePerRequestFilter.java:119) [spring-web-5.2.2.RELEASE.jar:5.2.2.RELEASE]
	at org.apache.catalina.core.ApplicationFilterChain.internalDoFilter(ApplicationFilterChain.java:193) [tomcat-embed-core-9.0.29.jar:9.0.29]
	at org.apache.catalina.core.ApplicationFilterChain.doFilter(ApplicationFilterChain.java:166) [tomcat-embed-core-9.0.29.jar:9.0.29]
	at org.apache.catalina.core.StandardWrapperValve.invoke(StandardWrapperValve.java:202) [tomcat-embed-core-9.0.29.jar:9.0.29]
	at org.apache.catalina.core.StandardContextValve.invoke(StandardContextValve.java:96) [tomcat-embed-core-9.0.29.jar:9.0.29]
	at org.apache.catalina.authenticator.AuthenticatorBase.invoke(AuthenticatorBase.java:526) [tomcat-embed-core-9.0.29.jar:9.0.29]
	at org.apache.catalina.core.StandardHostValve.invoke(StandardHostValve.java:139) [tomcat-embed-core-9.0.29.jar:9.0.29]
	at org.apache.catalina.valves.ErrorReportValve.invoke(ErrorReportValve.java:92) [tomcat-embed-core-9.0.29.jar:9.0.29]
	at org.apache.catalina.core.StandardEngineValve.invoke(StandardEngineValve.java:74) [tomcat-embed-core-9.0.29.jar:9.0.29]
	at org.apache.catalina.connector.CoyoteAdapter.service(CoyoteAdapter.java:343) [tomcat-embed-core-9.0.29.jar:9.0.29]
	at org.apache.coyote.http11.Http11Processor.service(Http11Processor.java:367) [tomcat-embed-core-9.0.29.jar:9.0.29]
	at org.apache.coyote.AbstractProcessorLight.process(AbstractProcessorLight.java:65) [tomcat-embed-core-9.0.29.jar:9.0.29]
	at org.apache.coyote.AbstractProtocol$ConnectionHandler.process(AbstractProtocol.java:860) [tomcat-embed-core-9.0.29.jar:9.0.29]
	at org.apache.tomcat.util.net.NioEndpoint$SocketProcessor.doRun(NioEndpoint.java:1591) [tomcat-embed-core-9.0.29.jar:9.0.29]
	at org.apache.tomcat.util.net.SocketProcessorBase.run(SocketProcessorBase.java:49) [tomcat-embed-core-9.0.29.jar:9.0.29]
	at java.util.concurrent.ThreadPoolExecutor.runWorker(ThreadPoolExecutor.java:1149) [na:1.8.0_181]
	at java.util.concurrent.ThreadPoolExecutor$Worker.run(ThreadPoolExecutor.java:624) [na:1.8.0_181]
	at org.apache.tomcat.util.threads.TaskThread$WrappingRunnable.run(TaskThread.java:61) [tomcat-embed-core-9.0.29.jar:9.0.29]
	at java.lang.Thread.run(Thread.java:748) [na:1.8.0_181]

2019-12-29 14:20:54.076  INFO 27000 --- [http-nio-8080-exec-9] io.lettuce.core.EpollProvider            : Starting without optional epoll library
2019-12-29 14:20:54.087  INFO 27000 --- [http-nio-8080-exec-9] io.lettuce.core.KqueueProvider           : Starting without optional kqueue library
2019-12-29 14:21:18.981  INFO 27000 --- [http-nio-8080-exec-10] c.c.w.shiro.CustomAccessControlerFilter  : POST
2019-12-29 14:21:18.981  INFO 27000 --- [http-nio-8080-exec-10] c.c.w.shiro.CustomAccessControlerFilter  : http://localhost:8080/api/users
2019-12-29 14:21:19.632  WARN 27000 --- [http-nio-8080-exec-9] o.a.shiro.authc.AbstractAuthenticator    : Authentication failed for token submission [cn.czy15.webshirodemo.shiro.CustomUsernamePasswordToken - null, rememberMe=false].  Possible unexpected error? (Typical or expected login exceptions should extend from AuthenticationException).

cn.czy15.webshirodemo.exception.BusinessException: token 异常,请刷新token
	at cn.czy15.webshirodemo.shiro.CustomHashedCredentialsMatcher.doCredentialsMatch(CustomHashedCredentialsMatcher.java:55) ~[classes/:na]
	at org.apache.shiro.realm.AuthenticatingRealm.assertCredentialsMatch(AuthenticatingRealm.java:600) ~[shiro-core-1.4.1.jar:1.4.1]
	at org.apache.shiro.realm.AuthenticatingRealm.getAuthenticationInfo(AuthenticatingRealm.java:581) ~[shiro-core-1.4.1.jar:1.4.1]
	at org.apache.shiro.authc.pam.ModularRealmAuthenticator.doSingleRealmAuthentication(ModularRealmAuthenticator.java:180) ~[shiro-core-1.4.1.jar:1.4.1]
	at org.apache.shiro.authc.pam.ModularRealmAuthenticator.doAuthenticate(ModularRealmAuthenticator.java:267) ~[shiro-core-1.4.1.jar:1.4.1]
	at org.apache.shiro.authc.AbstractAuthenticator.authenticate(AbstractAuthenticator.java:198) ~[shiro-core-1.4.1.jar:1.4.1]
	at org.apache.shiro.mgt.AuthenticatingSecurityManager.authenticate(AuthenticatingSecurityManager.java:106) [shiro-core-1.4.1.jar:1.4.1]
	at org.apache.shiro.mgt.DefaultSecurityManager.login(DefaultSecurityManager.java:275) [shiro-core-1.4.1.jar:1.4.1]
	at org.apache.shiro.subject.support.DelegatingSubject.login(DelegatingSubject.java:260) [shiro-core-1.4.1.jar:1.4.1]
	at cn.czy15.webshirodemo.shiro.CustomAccessControlerFilter.onAccessDenied(CustomAccessControlerFilter.java:45) [classes/:na]
	at org.apache.shiro.web.filter.AccessControlFilter.onAccessDenied(AccessControlFilter.java:133) [shiro-web-1.4.1.jar:1.4.1]
	at org.apache.shiro.web.filter.AccessControlFilter.onPreHandle(AccessControlFilter.java:162) [shiro-web-1.4.1.jar:1.4.1]
	at org.apache.shiro.web.filter.PathMatchingFilter.isFilterChainContinued(PathMatchingFilter.java:203) [shiro-web-1.4.1.jar:1.4.1]
	at org.apache.shiro.web.filter.PathMatchingFilter.preHandle(PathMatchingFilter.java:178) [shiro-web-1.4.1.jar:1.4.1]
	at org.apache.shiro.web.servlet.AdviceFilter.doFilterInternal(AdviceFilter.java:131) [shiro-web-1.4.1.jar:1.4.1]
	at org.apache.shiro.web.servlet.OncePerRequestFilter.doFilter(OncePerRequestFilter.java:125) [shiro-web-1.4.1.jar:1.4.1]
	at org.apache.shiro.web.servlet.ProxiedFilterChain.doFilter(ProxiedFilterChain.java:66) [shiro-web-1.4.1.jar:1.4.1]
	at org.apache.shiro.web.servlet.AbstractShiroFilter.executeChain(AbstractShiroFilter.java:449) [shiro-web-1.4.1.jar:1.4.1]
	at org.apache.shiro.web.servlet.AbstractShiroFilter$1.call(AbstractShiroFilter.java:365) [shiro-web-1.4.1.jar:1.4.1]
	at org.apache.shiro.subject.support.SubjectCallable.doCall(SubjectCallable.java:90) [shiro-core-1.4.1.jar:1.4.1]
	at org.apache.shiro.subject.support.SubjectCallable.call(SubjectCallable.java:83) [shiro-core-1.4.1.jar:1.4.1]
	at org.apache.shiro.subject.support.DelegatingSubject.execute(DelegatingSubject.java:387) [shiro-core-1.4.1.jar:1.4.1]
	at org.apache.shiro.web.servlet.AbstractShiroFilter.doFilterInternal(AbstractShiroFilter.java:362) [shiro-web-1.4.1.jar:1.4.1]
	at org.apache.shiro.web.servlet.OncePerRequestFilter.doFilter(OncePerRequestFilter.java:125) [shiro-web-1.4.1.jar:1.4.1]
	at org.apache.catalina.core.ApplicationFilterChain.internalDoFilter(ApplicationFilterChain.java:193) [tomcat-embed-core-9.0.29.jar:9.0.29]
	at org.apache.catalina.core.ApplicationFilterChain.doFilter(ApplicationFilterChain.java:166) [tomcat-embed-core-9.0.29.jar:9.0.29]
	at com.alibaba.druid.support.http.WebStatFilter.doFilter(WebStatFilter.java:123) [druid-1.1.10.jar:1.1.10]
	at org.apache.catalina.core.ApplicationFilterChain.internalDoFilter(ApplicationFilterChain.java:193) [tomcat-embed-core-9.0.29.jar:9.0.29]
	at org.apache.catalina.core.ApplicationFilterChain.doFilter(ApplicationFilterChain.java:166) [tomcat-embed-core-9.0.29.jar:9.0.29]
	at org.springframework.web.filter.RequestContextFilter.doFilterInternal(RequestContextFilter.java:100) [spring-web-5.2.2.RELEASE.jar:5.2.2.RELEASE]
	at org.springframework.web.filter.OncePerRequestFilter.doFilter(OncePerRequestFilter.java:119) [spring-web-5.2.2.RELEASE.jar:5.2.2.RELEASE]
	at org.apache.catalina.core.ApplicationFilterChain.internalDoFilter(ApplicationFilterChain.java:193) [tomcat-embed-core-9.0.29.jar:9.0.29]
	at org.apache.catalina.core.ApplicationFilterChain.doFilter(ApplicationFilterChain.java:166) [tomcat-embed-core-9.0.29.jar:9.0.29]
	at org.springframework.web.filter.FormContentFilter.doFilterInternal(FormContentFilter.java:93) [spring-web-5.2.2.RELEASE.jar:5.2.2.RELEASE]
	at org.springframework.web.filter.OncePerRequestFilter.doFilter(OncePerRequestFilter.java:119) [spring-web-5.2.2.RELEASE.jar:5.2.2.RELEASE]
	at org.apache.catalina.core.ApplicationFilterChain.internalDoFilter(ApplicationFilterChain.java:193) [tomcat-embed-core-9.0.29.jar:9.0.29]
	at org.apache.catalina.core.ApplicationFilterChain.doFilter(ApplicationFilterChain.java:166) [tomcat-embed-core-9.0.29.jar:9.0.29]
	at org.springframework.web.filter.CharacterEncodingFilter.doFilterInternal(CharacterEncodingFilter.java:201) [spring-web-5.2.2.RELEASE.jar:5.2.2.RELEASE]
	at org.springframework.web.filter.OncePerRequestFilter.doFilter(OncePerRequestFilter.java:119) [spring-web-5.2.2.RELEASE.jar:5.2.2.RELEASE]
	at org.apache.catalina.core.ApplicationFilterChain.internalDoFilter(ApplicationFilterChain.java:193) [tomcat-embed-core-9.0.29.jar:9.0.29]
	at org.apache.catalina.core.ApplicationFilterChain.doFilter(ApplicationFilterChain.java:166) [tomcat-embed-core-9.0.29.jar:9.0.29]
	at org.apache.catalina.core.StandardWrapperValve.invoke(StandardWrapperValve.java:202) [tomcat-embed-core-9.0.29.jar:9.0.29]
	at org.apache.catalina.core.StandardContextValve.invoke(StandardContextValve.java:96) [tomcat-embed-core-9.0.29.jar:9.0.29]
	at org.apache.catalina.authenticator.AuthenticatorBase.invoke(AuthenticatorBase.java:526) [tomcat-embed-core-9.0.29.jar:9.0.29]
	at org.apache.catalina.core.StandardHostValve.invoke(StandardHostValve.java:139) [tomcat-embed-core-9.0.29.jar:9.0.29]
	at org.apache.catalina.valves.ErrorReportValve.invoke(ErrorReportValve.java:92) [tomcat-embed-core-9.0.29.jar:9.0.29]
	at org.apache.catalina.core.StandardEngineValve.invoke(StandardEngineValve.java:74) [tomcat-embed-core-9.0.29.jar:9.0.29]
	at org.apache.catalina.connector.CoyoteAdapter.service(CoyoteAdapter.java:343) [tomcat-embed-core-9.0.29.jar:9.0.29]
	at org.apache.coyote.http11.Http11Processor.service(Http11Processor.java:367) [tomcat-embed-core-9.0.29.jar:9.0.29]
	at org.apache.coyote.AbstractProcessorLight.process(AbstractProcessorLight.java:65) [tomcat-embed-core-9.0.29.jar:9.0.29]
	at org.apache.coyote.AbstractProtocol$ConnectionHandler.process(AbstractProtocol.java:860) [tomcat-embed-core-9.0.29.jar:9.0.29]
	at org.apache.tomcat.util.net.NioEndpoint$SocketProcessor.doRun(NioEndpoint.java:1591) [tomcat-embed-core-9.0.29.jar:9.0.29]
	at org.apache.tomcat.util.net.SocketProcessorBase.run(SocketProcessorBase.java:49) [tomcat-embed-core-9.0.29.jar:9.0.29]
	at java.util.concurrent.ThreadPoolExecutor.runWorker(ThreadPoolExecutor.java:1149) [na:1.8.0_181]
	at java.util.concurrent.ThreadPoolExecutor$Worker.run(ThreadPoolExecutor.java:624) [na:1.8.0_181]
	at org.apache.tomcat.util.threads.TaskThread$WrappingRunnable.run(TaskThread.java:61) [tomcat-embed-core-9.0.29.jar:9.0.29]
	at java.lang.Thread.run(Thread.java:748) [na:1.8.0_181]

2019-12-29 14:21:38.407  INFO 27000 --- [http-nio-8080-exec-2] c.c.w.shiro.CustomAccessControlerFilter  : POST
2019-12-29 14:21:38.407  INFO 27000 --- [http-nio-8080-exec-2] c.c.w.shiro.CustomAccessControlerFilter  : http://localhost:8080/api/users
2019-12-29 14:21:38.408 ERROR 27000 --- [http-nio-8080-exec-2] c.czy15.webshirodemo.utils.JwtTokenUtil  : eror={}

java.lang.NullPointerException: null
	at cn.czy15.webshirodemo.utils.JwtTokenUtil.getUserId(JwtTokenUtil.java:141) ~[classes/:na]
	at cn.czy15.webshirodemo.shiro.CustomHashedCredentialsMatcher.doCredentialsMatch(CustomHashedCredentialsMatcher.java:31) [classes/:na]
	at org.apache.shiro.realm.AuthenticatingRealm.assertCredentialsMatch(AuthenticatingRealm.java:600) [shiro-core-1.4.1.jar:1.4.1]
	at org.apache.shiro.realm.AuthenticatingRealm.getAuthenticationInfo(AuthenticatingRealm.java:581) [shiro-core-1.4.1.jar:1.4.1]
	at org.apache.shiro.authc.pam.ModularRealmAuthenticator.doSingleRealmAuthentication(ModularRealmAuthenticator.java:180) [shiro-core-1.4.1.jar:1.4.1]
	at org.apache.shiro.authc.pam.ModularRealmAuthenticator.doAuthenticate(ModularRealmAuthenticator.java:267) [shiro-core-1.4.1.jar:1.4.1]
	at org.apache.shiro.authc.AbstractAuthenticator.authenticate(AbstractAuthenticator.java:198) [shiro-core-1.4.1.jar:1.4.1]
	at org.apache.shiro.mgt.AuthenticatingSecurityManager.authenticate(AuthenticatingSecurityManager.java:106) [shiro-core-1.4.1.jar:1.4.1]
	at org.apache.shiro.mgt.DefaultSecurityManager.login(DefaultSecurityManager.java:275) [shiro-core-1.4.1.jar:1.4.1]
	at org.apache.shiro.subject.support.DelegatingSubject.login(DelegatingSubject.java:260) [shiro-core-1.4.1.jar:1.4.1]
	at cn.czy15.webshirodemo.shiro.CustomAccessControlerFilter.onAccessDenied(CustomAccessControlerFilter.java:45) [classes/:na]
	at org.apache.shiro.web.filter.AccessControlFilter.onAccessDenied(AccessControlFilter.java:133) [shiro-web-1.4.1.jar:1.4.1]
	at org.apache.shiro.web.filter.AccessControlFilter.onPreHandle(AccessControlFilter.java:162) [shiro-web-1.4.1.jar:1.4.1]
	at org.apache.shiro.web.filter.PathMatchingFilter.isFilterChainContinued(PathMatchingFilter.java:203) [shiro-web-1.4.1.jar:1.4.1]
	at org.apache.shiro.web.filter.PathMatchingFilter.preHandle(PathMatchingFilter.java:178) [shiro-web-1.4.1.jar:1.4.1]
	at org.apache.shiro.web.servlet.AdviceFilter.doFilterInternal(AdviceFilter.java:131) [shiro-web-1.4.1.jar:1.4.1]
	at org.apache.shiro.web.servlet.OncePerRequestFilter.doFilter(OncePerRequestFilter.java:125) [shiro-web-1.4.1.jar:1.4.1]
	at org.apache.shiro.web.servlet.ProxiedFilterChain.doFilter(ProxiedFilterChain.java:66) [shiro-web-1.4.1.jar:1.4.1]
	at org.apache.shiro.web.servlet.AbstractShiroFilter.executeChain(AbstractShiroFilter.java:449) [shiro-web-1.4.1.jar:1.4.1]
	at org.apache.shiro.web.servlet.AbstractShiroFilter$1.call(AbstractShiroFilter.java:365) [shiro-web-1.4.1.jar:1.4.1]
	at org.apache.shiro.subject.support.SubjectCallable.doCall(SubjectCallable.java:90) [shiro-core-1.4.1.jar:1.4.1]
	at org.apache.shiro.subject.support.SubjectCallable.call(SubjectCallable.java:83) [shiro-core-1.4.1.jar:1.4.1]
	at org.apache.shiro.subject.support.DelegatingSubject.execute(DelegatingSubject.java:387) [shiro-core-1.4.1.jar:1.4.1]
	at org.apache.shiro.web.servlet.AbstractShiroFilter.doFilterInternal(AbstractShiroFilter.java:362) [shiro-web-1.4.1.jar:1.4.1]
	at org.apache.shiro.web.servlet.OncePerRequestFilter.doFilter(OncePerRequestFilter.java:125) [shiro-web-1.4.1.jar:1.4.1]
	at org.apache.catalina.core.ApplicationFilterChain.internalDoFilter(ApplicationFilterChain.java:193) [tomcat-embed-core-9.0.29.jar:9.0.29]
	at org.apache.catalina.core.ApplicationFilterChain.doFilter(ApplicationFilterChain.java:166) [tomcat-embed-core-9.0.29.jar:9.0.29]
	at com.alibaba.druid.support.http.WebStatFilter.doFilter(WebStatFilter.java:123) [druid-1.1.10.jar:1.1.10]
	at org.apache.catalina.core.ApplicationFilterChain.internalDoFilter(ApplicationFilterChain.java:193) [tomcat-embed-core-9.0.29.jar:9.0.29]
	at org.apache.catalina.core.ApplicationFilterChain.doFilter(ApplicationFilterChain.java:166) [tomcat-embed-core-9.0.29.jar:9.0.29]
	at org.springframework.web.filter.RequestContextFilter.doFilterInternal(RequestContextFilter.java:100) [spring-web-5.2.2.RELEASE.jar:5.2.2.RELEASE]
	at org.springframework.web.filter.OncePerRequestFilter.doFilter(OncePerRequestFilter.java:119) [spring-web-5.2.2.RELEASE.jar:5.2.2.RELEASE]
	at org.apache.catalina.core.ApplicationFilterChain.internalDoFilter(ApplicationFilterChain.java:193) [tomcat-embed-core-9.0.29.jar:9.0.29]
	at org.apache.catalina.core.ApplicationFilterChain.doFilter(ApplicationFilterChain.java:166) [tomcat-embed-core-9.0.29.jar:9.0.29]
	at org.springframework.web.filter.FormContentFilter.doFilterInternal(FormContentFilter.java:93) [spring-web-5.2.2.RELEASE.jar:5.2.2.RELEASE]
	at org.springframework.web.filter.OncePerRequestFilter.doFilter(OncePerRequestFilter.java:119) [spring-web-5.2.2.RELEASE.jar:5.2.2.RELEASE]
	at org.apache.catalina.core.ApplicationFilterChain.internalDoFilter(ApplicationFilterChain.java:193) [tomcat-embed-core-9.0.29.jar:9.0.29]
	at org.apache.catalina.core.ApplicationFilterChain.doFilter(ApplicationFilterChain.java:166) [tomcat-embed-core-9.0.29.jar:9.0.29]
	at org.springframework.web.filter.CharacterEncodingFilter.doFilterInternal(CharacterEncodingFilter.java:201) [spring-web-5.2.2.RELEASE.jar:5.2.2.RELEASE]
	at org.springframework.web.filter.OncePerRequestFilter.doFilter(OncePerRequestFilter.java:119) [spring-web-5.2.2.RELEASE.jar:5.2.2.RELEASE]
	at org.apache.catalina.core.ApplicationFilterChain.internalDoFilter(ApplicationFilterChain.java:193) [tomcat-embed-core-9.0.29.jar:9.0.29]
	at org.apache.catalina.core.ApplicationFilterChain.doFilter(ApplicationFilterChain.java:166) [tomcat-embed-core-9.0.29.jar:9.0.29]
	at org.apache.catalina.core.StandardWrapperValve.invoke(StandardWrapperValve.java:202) [tomcat-embed-core-9.0.29.jar:9.0.29]
	at org.apache.catalina.core.StandardContextValve.invoke(StandardContextValve.java:96) [tomcat-embed-core-9.0.29.jar:9.0.29]
	at org.apache.catalina.authenticator.AuthenticatorBase.invoke(AuthenticatorBase.java:526) [tomcat-embed-core-9.0.29.jar:9.0.29]
	at org.apache.catalina.core.StandardHostValve.invoke(StandardHostValve.java:139) [tomcat-embed-core-9.0.29.jar:9.0.29]
	at org.apache.catalina.valves.ErrorReportValve.invoke(ErrorReportValve.java:92) [tomcat-embed-core-9.0.29.jar:9.0.29]
	at org.apache.catalina.core.StandardEngineValve.invoke(StandardEngineValve.java:74) [tomcat-embed-core-9.0.29.jar:9.0.29]
	at org.apache.catalina.connector.CoyoteAdapter.service(CoyoteAdapter.java:343) [tomcat-embed-core-9.0.29.jar:9.0.29]
	at org.apache.coyote.http11.Http11Processor.service(Http11Processor.java:367) [tomcat-embed-core-9.0.29.jar:9.0.29]
	at org.apache.coyote.AbstractProcessorLight.process(AbstractProcessorLight.java:65) [tomcat-embed-core-9.0.29.jar:9.0.29]
	at org.apache.coyote.AbstractProtocol$ConnectionHandler.process(AbstractProtocol.java:860) [tomcat-embed-core-9.0.29.jar:9.0.29]
	at org.apache.tomcat.util.net.NioEndpoint$SocketProcessor.doRun(NioEndpoint.java:1591) [tomcat-embed-core-9.0.29.jar:9.0.29]
	at org.apache.tomcat.util.net.SocketProcessorBase.run(SocketProcessorBase.java:49) [tomcat-embed-core-9.0.29.jar:9.0.29]
	at java.util.concurrent.ThreadPoolExecutor.runWorker(ThreadPoolExecutor.java:1149) [na:1.8.0_181]
	at java.util.concurrent.ThreadPoolExecutor$Worker.run(ThreadPoolExecutor.java:624) [na:1.8.0_181]
	at org.apache.tomcat.util.threads.TaskThread$WrappingRunnable.run(TaskThread.java:61) [tomcat-embed-core-9.0.29.jar:9.0.29]
	at java.lang.Thread.run(Thread.java:748) [na:1.8.0_181]

2019-12-29 14:21:38.413  WARN 27000 --- [http-nio-8080-exec-2] o.a.shiro.authc.AbstractAuthenticator    : Authentication failed for token submission [cn.czy15.webshirodemo.shiro.CustomUsernamePasswordToken - null, rememberMe=false].  Possible unexpected error? (Typical or expected login exceptions should extend from AuthenticationException).

cn.czy15.webshirodemo.exception.BusinessException: token 异常,请刷新token
	at cn.czy15.webshirodemo.shiro.CustomHashedCredentialsMatcher.doCredentialsMatch(CustomHashedCredentialsMatcher.java:55) ~[classes/:na]
	at org.apache.shiro.realm.AuthenticatingRealm.assertCredentialsMatch(AuthenticatingRealm.java:600) ~[shiro-core-1.4.1.jar:1.4.1]
	at org.apache.shiro.realm.AuthenticatingRealm.getAuthenticationInfo(AuthenticatingRealm.java:581) ~[shiro-core-1.4.1.jar:1.4.1]
	at org.apache.shiro.authc.pam.ModularRealmAuthenticator.doSingleRealmAuthentication(ModularRealmAuthenticator.java:180) ~[shiro-core-1.4.1.jar:1.4.1]
	at org.apache.shiro.authc.pam.ModularRealmAuthenticator.doAuthenticate(ModularRealmAuthenticator.java:267) ~[shiro-core-1.4.1.jar:1.4.1]
	at org.apache.shiro.authc.AbstractAuthenticator.authenticate(AbstractAuthenticator.java:198) ~[shiro-core-1.4.1.jar:1.4.1]
	at org.apache.shiro.mgt.AuthenticatingSecurityManager.authenticate(AuthenticatingSecurityManager.java:106) [shiro-core-1.4.1.jar:1.4.1]
	at org.apache.shiro.mgt.DefaultSecurityManager.login(DefaultSecurityManager.java:275) [shiro-core-1.4.1.jar:1.4.1]
	at org.apache.shiro.subject.support.DelegatingSubject.login(DelegatingSubject.java:260) [shiro-core-1.4.1.jar:1.4.1]
	at cn.czy15.webshirodemo.shiro.CustomAccessControlerFilter.onAccessDenied(CustomAccessControlerFilter.java:45) [classes/:na]
	at org.apache.shiro.web.filter.AccessControlFilter.onAccessDenied(AccessControlFilter.java:133) [shiro-web-1.4.1.jar:1.4.1]
	at org.apache.shiro.web.filter.AccessControlFilter.onPreHandle(AccessControlFilter.java:162) [shiro-web-1.4.1.jar:1.4.1]
	at org.apache.shiro.web.filter.PathMatchingFilter.isFilterChainContinued(PathMatchingFilter.java:203) [shiro-web-1.4.1.jar:1.4.1]
	at org.apache.shiro.web.filter.PathMatchingFilter.preHandle(PathMatchingFilter.java:178) [shiro-web-1.4.1.jar:1.4.1]
	at org.apache.shiro.web.servlet.AdviceFilter.doFilterInternal(AdviceFilter.java:131) [shiro-web-1.4.1.jar:1.4.1]
	at org.apache.shiro.web.servlet.OncePerRequestFilter.doFilter(OncePerRequestFilter.java:125) [shiro-web-1.4.1.jar:1.4.1]
	at org.apache.shiro.web.servlet.ProxiedFilterChain.doFilter(ProxiedFilterChain.java:66) [shiro-web-1.4.1.jar:1.4.1]
	at org.apache.shiro.web.servlet.AbstractShiroFilter.executeChain(AbstractShiroFilter.java:449) [shiro-web-1.4.1.jar:1.4.1]
	at org.apache.shiro.web.servlet.AbstractShiroFilter$1.call(AbstractShiroFilter.java:365) [shiro-web-1.4.1.jar:1.4.1]
	at org.apache.shiro.subject.support.SubjectCallable.doCall(SubjectCallable.java:90) [shiro-core-1.4.1.jar:1.4.1]
	at org.apache.shiro.subject.support.SubjectCallable.call(SubjectCallable.java:83) [shiro-core-1.4.1.jar:1.4.1]
	at org.apache.shiro.subject.support.DelegatingSubject.execute(DelegatingSubject.java:387) [shiro-core-1.4.1.jar:1.4.1]
	at org.apache.shiro.web.servlet.AbstractShiroFilter.doFilterInternal(AbstractShiroFilter.java:362) [shiro-web-1.4.1.jar:1.4.1]
	at org.apache.shiro.web.servlet.OncePerRequestFilter.doFilter(OncePerRequestFilter.java:125) [shiro-web-1.4.1.jar:1.4.1]
	at org.apache.catalina.core.ApplicationFilterChain.internalDoFilter(ApplicationFilterChain.java:193) [tomcat-embed-core-9.0.29.jar:9.0.29]
	at org.apache.catalina.core.ApplicationFilterChain.doFilter(ApplicationFilterChain.java:166) [tomcat-embed-core-9.0.29.jar:9.0.29]
	at com.alibaba.druid.support.http.WebStatFilter.doFilter(WebStatFilter.java:123) [druid-1.1.10.jar:1.1.10]
	at org.apache.catalina.core.ApplicationFilterChain.internalDoFilter(ApplicationFilterChain.java:193) [tomcat-embed-core-9.0.29.jar:9.0.29]
	at org.apache.catalina.core.ApplicationFilterChain.doFilter(ApplicationFilterChain.java:166) [tomcat-embed-core-9.0.29.jar:9.0.29]
	at org.springframework.web.filter.RequestContextFilter.doFilterInternal(RequestContextFilter.java:100) [spring-web-5.2.2.RELEASE.jar:5.2.2.RELEASE]
	at org.springframework.web.filter.OncePerRequestFilter.doFilter(OncePerRequestFilter.java:119) [spring-web-5.2.2.RELEASE.jar:5.2.2.RELEASE]
	at org.apache.catalina.core.ApplicationFilterChain.internalDoFilter(ApplicationFilterChain.java:193) [tomcat-embed-core-9.0.29.jar:9.0.29]
	at org.apache.catalina.core.ApplicationFilterChain.doFilter(ApplicationFilterChain.java:166) [tomcat-embed-core-9.0.29.jar:9.0.29]
	at org.springframework.web.filter.FormContentFilter.doFilterInternal(FormContentFilter.java:93) [spring-web-5.2.2.RELEASE.jar:5.2.2.RELEASE]
	at org.springframework.web.filter.OncePerRequestFilter.doFilter(OncePerRequestFilter.java:119) [spring-web-5.2.2.RELEASE.jar:5.2.2.RELEASE]
	at org.apache.catalina.core.ApplicationFilterChain.internalDoFilter(ApplicationFilterChain.java:193) [tomcat-embed-core-9.0.29.jar:9.0.29]
	at org.apache.catalina.core.ApplicationFilterChain.doFilter(ApplicationFilterChain.java:166) [tomcat-embed-core-9.0.29.jar:9.0.29]
	at org.springframework.web.filter.CharacterEncodingFilter.doFilterInternal(CharacterEncodingFilter.java:201) [spring-web-5.2.2.RELEASE.jar:5.2.2.RELEASE]
	at org.springframework.web.filter.OncePerRequestFilter.doFilter(OncePerRequestFilter.java:119) [spring-web-5.2.2.RELEASE.jar:5.2.2.RELEASE]
	at org.apache.catalina.core.ApplicationFilterChain.internalDoFilter(ApplicationFilterChain.java:193) [tomcat-embed-core-9.0.29.jar:9.0.29]
	at org.apache.catalina.core.ApplicationFilterChain.doFilter(ApplicationFilterChain.java:166) [tomcat-embed-core-9.0.29.jar:9.0.29]
	at org.apache.catalina.core.StandardWrapperValve.invoke(StandardWrapperValve.java:202) [tomcat-embed-core-9.0.29.jar:9.0.29]
	at org.apache.catalina.core.StandardContextValve.invoke(StandardContextValve.java:96) [tomcat-embed-core-9.0.29.jar:9.0.29]
	at org.apache.catalina.authenticator.AuthenticatorBase.invoke(AuthenticatorBase.java:526) [tomcat-embed-core-9.0.29.jar:9.0.29]
	at org.apache.catalina.core.StandardHostValve.invoke(StandardHostValve.java:139) [tomcat-embed-core-9.0.29.jar:9.0.29]
	at org.apache.catalina.valves.ErrorReportValve.invoke(ErrorReportValve.java:92) [tomcat-embed-core-9.0.29.jar:9.0.29]
	at org.apache.catalina.core.StandardEngineValve.invoke(StandardEngineValve.java:74) [tomcat-embed-core-9.0.29.jar:9.0.29]
	at org.apache.catalina.connector.CoyoteAdapter.service(CoyoteAdapter.java:343) [tomcat-embed-core-9.0.29.jar:9.0.29]
	at org.apache.coyote.http11.Http11Processor.service(Http11Processor.java:367) [tomcat-embed-core-9.0.29.jar:9.0.29]
	at org.apache.coyote.AbstractProcessorLight.process(AbstractProcessorLight.java:65) [tomcat-embed-core-9.0.29.jar:9.0.29]
	at org.apache.coyote.AbstractProtocol$ConnectionHandler.process(AbstractProtocol.java:860) [tomcat-embed-core-9.0.29.jar:9.0.29]
	at org.apache.tomcat.util.net.NioEndpoint$SocketProcessor.doRun(NioEndpoint.java:1591) [tomcat-embed-core-9.0.29.jar:9.0.29]
	at org.apache.tomcat.util.net.SocketProcessorBase.run(SocketProcessorBase.java:49) [tomcat-embed-core-9.0.29.jar:9.0.29]
	at java.util.concurrent.ThreadPoolExecutor.runWorker(ThreadPoolExecutor.java:1149) [na:1.8.0_181]
	at java.util.concurrent.ThreadPoolExecutor$Worker.run(ThreadPoolExecutor.java:624) [na:1.8.0_181]
	at org.apache.tomcat.util.threads.TaskThread$WrappingRunnable.run(TaskThread.java:61) [tomcat-embed-core-9.0.29.jar:9.0.29]
	at java.lang.Thread.run(Thread.java:748) [na:1.8.0_181]

2019-12-29 14:53:13.652  INFO 18800 --- [restartedMain] c.c.w.WebshirodemoApplication            : Starting WebshirodemoApplication on B0S8UKBOFJR55TU with PID 18800 (D:\ideapro\webshirodemo\target\classes started by Administrator in D:\ideapro\webshirodemo)
2019-12-29 14:53:13.656  INFO 18800 --- [restartedMain] c.c.w.WebshirodemoApplication            : No active profile set, falling back to default profiles: default
2019-12-29 14:53:13.713  INFO 18800 --- [restartedMain] .e.DevToolsPropertyDefaultsPostProcessor : Devtools property defaults active! Set 'spring.devtools.add-properties' to 'false' to disable
2019-12-29 14:53:13.713  INFO 18800 --- [restartedMain] .e.DevToolsPropertyDefaultsPostProcessor : For additional web related logging consider setting the 'logging.level.web' property to 'DEBUG'
2019-12-29 14:53:14.997  INFO 18800 --- [restartedMain] .s.d.r.c.RepositoryConfigurationDelegate : Multiple Spring Data modules found, entering strict repository configuration mode!
2019-12-29 14:53:15.000  INFO 18800 --- [restartedMain] .s.d.r.c.RepositoryConfigurationDelegate : Bootstrapping Spring Data Redis repositories in DEFAULT mode.
2019-12-29 14:53:15.053  INFO 18800 --- [restartedMain] .s.d.r.c.RepositoryConfigurationDelegate : Finished Spring Data repository scanning in 35ms. Found 0 Redis repository interfaces.
2019-12-29 14:53:15.356  INFO 18800 --- [restartedMain] trationDelegate$BeanPostProcessorChecker : Bean 'shiroConfig' of type [cn.czy15.webshirodemo.config.ShiroConfig$$EnhancerBySpringCGLIB$$1c56f073] is not eligible for getting processed by all BeanPostProcessors (for example: not eligible for auto-proxying)
2019-12-29 14:53:26.192  INFO 18800 --- [restartedMain] trationDelegate$BeanPostProcessorChecker : Bean 'redisConfig' of type [cn.czy15.webshirodemo.config.RedisConfig$$EnhancerBySpringCGLIB$$672577bd] is not eligible for getting processed by all BeanPostProcessors (for example: not eligible for auto-proxying)
2019-12-29 14:53:26.222  INFO 18800 --- [restartedMain] trationDelegate$BeanPostProcessorChecker : Bean 'spring.redis-org.springframework.boot.autoconfigure.data.redis.RedisProperties' of type [org.springframework.boot.autoconfigure.data.redis.RedisProperties] is not eligible for getting processed by all BeanPostProcessors (for example: not eligible for auto-proxying)
2019-12-29 14:53:26.225  INFO 18800 --- [restartedMain] trationDelegate$BeanPostProcessorChecker : Bean 'org.springframework.boot.autoconfigure.data.redis.LettuceConnectionConfiguration' of type [org.springframework.boot.autoconfigure.data.redis.LettuceConnectionConfiguration] is not eligible for getting processed by all BeanPostProcessors (for example: not eligible for auto-proxying)
2019-12-29 14:53:26.323  INFO 18800 --- [restartedMain] trationDelegate$BeanPostProcessorChecker : Bean 'lettuceClientResources' of type [io.lettuce.core.resource.DefaultClientResources] is not eligible for getting processed by all BeanPostProcessors (for example: not eligible for auto-proxying)
2019-12-29 14:53:26.414  INFO 18800 --- [restartedMain] trationDelegate$BeanPostProcessorChecker : Bean 'redisConnectionFactory' of type [org.springframework.data.redis.connection.lettuce.LettuceConnectionFactory] is not eligible for getting processed by all BeanPostProcessors (for example: not eligible for auto-proxying)
2019-12-29 14:53:26.495  INFO 18800 --- [restartedMain] trationDelegate$BeanPostProcessorChecker : Bean 'redisTemplate' of type [org.springframework.data.redis.core.RedisTemplate] is not eligible for getting processed by all BeanPostProcessors (for example: not eligible for auto-proxying)
2019-12-29 14:53:26.496  INFO 18800 --- [restartedMain] trationDelegate$BeanPostProcessorChecker : Bean 'redisService' of type [cn.czy15.webshirodemo.service.RedisService] is not eligible for getting processed by all BeanPostProcessors (for example: not eligible for auto-proxying)
2019-12-29 14:53:26.496  INFO 18800 --- [restartedMain] trationDelegate$BeanPostProcessorChecker : Bean 'customHashedCredentialsMatcher' of type [cn.czy15.webshirodemo.shiro.CustomHashedCredentialsMatcher] is not eligible for getting processed by all BeanPostProcessors (for example: not eligible for auto-proxying)
2019-12-29 14:53:26.499  INFO 18800 --- [restartedMain] trationDelegate$BeanPostProcessorChecker : Bean 'redisCacheManager' of type [cn.czy15.webshirodemo.shiro.RedisCacheManager] is not eligible for getting processed by all BeanPostProcessors (for example: not eligible for auto-proxying)
2019-12-29 14:53:26.507  INFO 18800 --- [restartedMain] trationDelegate$BeanPostProcessorChecker : Bean 'customRealm' of type [cn.czy15.webshirodemo.shiro.CustomRealm] is not eligible for getting processed by all BeanPostProcessors (for example: not eligible for auto-proxying)
2019-12-29 14:53:26.511  INFO 18800 --- [restartedMain] trationDelegate$BeanPostProcessorChecker : Bean 'securityManager' of type [org.apache.shiro.web.mgt.DefaultWebSecurityManager] is not eligible for getting processed by all BeanPostProcessors (for example: not eligible for auto-proxying)
2019-12-29 14:53:26.566  INFO 18800 --- [restartedMain] trationDelegate$BeanPostProcessorChecker : Bean 'authorizationAttributeSourceAdvisor' of type [org.apache.shiro.spring.security.interceptor.AuthorizationAttributeSourceAdvisor] is not eligible for getting processed by all BeanPostProcessors (for example: not eligible for auto-proxying)
2019-12-29 14:53:26.582  INFO 18800 --- [restartedMain] trationDelegate$BeanPostProcessorChecker : Bean 'org.springframework.transaction.annotation.ProxyTransactionManagementConfiguration' of type [org.springframework.transaction.annotation.ProxyTransactionManagementConfiguration] is not eligible for getting processed by all BeanPostProcessors (for example: not eligible for auto-proxying)
2019-12-29 14:53:27.115  INFO 18800 --- [restartedMain] o.s.b.w.embedded.tomcat.TomcatWebServer  : Tomcat initialized with port(s): 8080 (http)
2019-12-29 14:53:27.127  INFO 18800 --- [restartedMain] o.apache.catalina.core.StandardService   : Starting service [Tomcat]
2019-12-29 14:53:27.127  INFO 18800 --- [restartedMain] org.apache.catalina.core.StandardEngine  : Starting Servlet engine: [Apache Tomcat/9.0.29]
2019-12-29 14:53:27.308  INFO 18800 --- [restartedMain] o.a.c.c.C.[Tomcat].[localhost].[/]       : Initializing Spring embedded WebApplicationContext
2019-12-29 14:53:27.308  INFO 18800 --- [restartedMain] o.s.web.context.ContextLoader            : Root WebApplicationContext: initialization completed in 13595 ms
2019-12-29 14:53:27.491  INFO 18800 --- [restartedMain] c.a.d.s.b.a.DruidDataSourceAutoConfigure : Init DruidDataSource
2019-12-29 14:53:27.983  INFO 18800 --- [restartedMain] com.alibaba.druid.pool.DruidDataSource   : {dataSource-1} inited
2019-12-29 14:53:29.001  INFO 18800 --- [restartedMain] pertySourcedRequestMappingHandlerMapping : Mapped URL path [/v2/api-docs] onto method [springfox.documentation.swagger2.web.Swagger2Controller#getDocumentation(String, HttpServletRequest)]
2019-12-29 14:53:29.259  INFO 18800 --- [restartedMain] o.s.s.concurrent.ThreadPoolTaskExecutor  : Initializing ExecutorService 'applicationTaskExecutor'
2019-12-29 14:53:29.312  INFO 18800 --- [restartedMain] o.s.b.d.a.OptionalLiveReloadServer       : LiveReload server is running on port 35729
2019-12-29 14:53:29.770  INFO 18800 --- [restartedMain] d.s.w.p.DocumentationPluginsBootstrapper : Context refreshed
2019-12-29 14:53:29.793  INFO 18800 --- [restartedMain] d.s.w.p.DocumentationPluginsBootstrapper : Found 1 custom documentation plugin(s)
2019-12-29 14:53:29.831  INFO 18800 --- [restartedMain] s.d.s.w.s.ApiListingReferenceScanner     : Scanning for api listing references
2019-12-29 14:53:30.108  INFO 18800 --- [restartedMain] o.s.b.w.embedded.tomcat.TomcatWebServer  : Tomcat started on port(s): 8080 (http) with context path ''
2019-12-29 14:53:30.111  INFO 18800 --- [restartedMain] c.c.w.WebshirodemoApplication            : Started WebshirodemoApplication in 16.984 seconds (JVM running for 32.861)
2019-12-29 14:54:41.442  INFO 18800 --- [http-nio-8080-exec-1] o.a.c.c.C.[Tomcat].[localhost].[/]       : Initializing Spring DispatcherServlet 'dispatcherServlet'
2019-12-29 14:54:41.443  INFO 18800 --- [http-nio-8080-exec-1] o.s.web.servlet.DispatcherServlet        : Initializing Servlet 'dispatcherServlet'
2019-12-29 14:54:41.454  INFO 18800 --- [http-nio-8080-exec-1] o.s.web.servlet.DispatcherServlet        : Completed initialization in 11 ms
2019-12-29 14:56:37.154  INFO 18800 --- [http-nio-8080-exec-8] c.c.w.shiro.CustomAccessControlerFilter  : POST
2019-12-29 14:56:37.155  INFO 18800 --- [http-nio-8080-exec-8] c.c.w.shiro.CustomAccessControlerFilter  : http://localhost:8080/api/users
2019-12-29 14:56:37.714  INFO 18800 --- [http-nio-8080-exec-8] io.lettuce.core.EpollProvider            : Starting without optional epoll library
2019-12-29 14:56:37.721  INFO 18800 --- [http-nio-8080-exec-8] io.lettuce.core.KqueueProvider           : Starting without optional kqueue library
2019-12-29 14:57:05.620  INFO 18800 --- [http-nio-8080-exec-1] c.c.w.shiro.CustomAccessControlerFilter  : POST
2019-12-29 14:57:05.621  INFO 18800 --- [http-nio-8080-exec-1] c.c.w.shiro.CustomAccessControlerFilter  : http://localhost:8080/api/users
2019-12-29 14:57:05.995  INFO 18800 --- [http-nio-8080-exec-1] cn.czy15.webshirodemo.shiro.RedisCache   : Shiro从缓存中获取数据KEY值[eyJhbGciOiJIUzI1NiJ9.eyJqd3QtcGVybWlzc2lvbnMta2V5XyI6WyJzeXM6dXNlcjpsaXN0Iiwic3lzOnVzZXI6YWRkIiwic3lzOnVzZXI6dXBkYXRlIiwic3lzOnVzZXI6ZGV0YWlsIl0sInN1YiI6IjlhMjZmNWYxLWNiZDItNDczZC04MmRiLTFkNmRjZjQ1OThmOCIsImp3dC1yb2xlcy1rZXlfIjpbImFkbWluIl0sImlzcyI6ImN6eTE1LmNuIiwiand0LXVzZXItbmFtZS1rZXkiOiJhZG1pbiIsImV4cCI6MTU3NzYwOTcwMSwiaWF0IjoxNTc3NjAyNTAxfQ.-X4_QPKg7PLkSQrI38tqA2E4cpAEC5JAH_whMUaTUko]
2019-12-29 14:57:05.995  INFO 18800 --- [http-nio-8080-exec-8] cn.czy15.webshirodemo.shiro.RedisCache   : Shiro从缓存中获取数据KEY值[eyJhbGciOiJIUzI1NiJ9.eyJqd3QtcGVybWlzc2lvbnMta2V5XyI6WyJzeXM6dXNlcjpsaXN0Iiwic3lzOnVzZXI6YWRkIiwic3lzOnVzZXI6dXBkYXRlIiwic3lzOnVzZXI6ZGV0YWlsIl0sInN1YiI6IjlhMjZmNWYxLWNiZDItNDczZC04MmRiLTFkNmRjZjQ1OThmOCIsImp3dC1yb2xlcy1rZXlfIjpbImFkbWluIl0sImlzcyI6ImN6eTE1LmNuIiwiand0LXVzZXItbmFtZS1rZXkiOiJhZG1pbiIsImV4cCI6MTU3NzYwOTcwMSwiaWF0IjoxNTc3NjAyNTAxfQ.-X4_QPKg7PLkSQrI38tqA2E4cpAEC5JAH_whMUaTUko]
2019-12-29 14:57:06.038  INFO 18800 --- [http-nio-8080-exec-1] cn.czy15.webshirodemo.shiro.RedisCache   : put key [eyJhbGciOiJIUzI1NiJ9.eyJqd3QtcGVybWlzc2lvbnMta2V5XyI6WyJzeXM6dXNlcjpsaXN0Iiwic3lzOnVzZXI6YWRkIiwic3lzOnVzZXI6dXBkYXRlIiwic3lzOnVzZXI6ZGV0YWlsIl0sInN1YiI6IjlhMjZmNWYxLWNiZDItNDczZC04MmRiLTFkNmRjZjQ1OThmOCIsImp3dC1yb2xlcy1rZXlfIjpbImFkbWluIl0sImlzcyI6ImN6eTE1LmNuIiwiand0LXVzZXItbmFtZS1rZXkiOiJhZG1pbiIsImV4cCI6MTU3NzYwOTcwMSwiaWF0IjoxNTc3NjAyNTAxfQ.-X4_QPKg7PLkSQrI38tqA2E4cpAEC5JAH_whMUaTUko]
2019-12-29 14:57:06.038  INFO 18800 --- [http-nio-8080-exec-8] cn.czy15.webshirodemo.shiro.RedisCache   : put key [eyJhbGciOiJIUzI1NiJ9.eyJqd3QtcGVybWlzc2lvbnMta2V5XyI6WyJzeXM6dXNlcjpsaXN0Iiwic3lzOnVzZXI6YWRkIiwic3lzOnVzZXI6dXBkYXRlIiwic3lzOnVzZXI6ZGV0YWlsIl0sInN1YiI6IjlhMjZmNWYxLWNiZDItNDczZC04MmRiLTFkNmRjZjQ1OThmOCIsImp3dC1yb2xlcy1rZXlfIjpbImFkbWluIl0sImlzcyI6ImN6eTE1LmNuIiwiand0LXVzZXItbmFtZS1rZXkiOiJhZG1pbiIsImV4cCI6MTU3NzYwOTcwMSwiaWF0IjoxNTc3NjAyNTAxfQ.-X4_QPKg7PLkSQrI38tqA2E4cpAEC5JAH_whMUaTUko]
2019-12-29 14:57:06.241  INFO 18800 --- [http-nio-8080-exec-1] cn.czy15.webshirodemo.shiro.RedisCache   : Shiro从缓存中获取数据KEY值[eyJhbGciOiJIUzI1NiJ9.eyJqd3QtcGVybWlzc2lvbnMta2V5XyI6WyJzeXM6dXNlcjpsaXN0Iiwic3lzOnVzZXI6YWRkIiwic3lzOnVzZXI6dXBkYXRlIiwic3lzOnVzZXI6ZGV0YWlsIl0sInN1YiI6IjlhMjZmNWYxLWNiZDItNDczZC04MmRiLTFkNmRjZjQ1OThmOCIsImp3dC1yb2xlcy1rZXlfIjpbImFkbWluIl0sImlzcyI6ImN6eTE1LmNuIiwiand0LXVzZXItbmFtZS1rZXkiOiJhZG1pbiIsImV4cCI6MTU3NzYwOTcwMSwiaWF0IjoxNTc3NjAyNTAxfQ.-X4_QPKg7PLkSQrI38tqA2E4cpAEC5JAH_whMUaTUko]
2019-12-29 14:57:06.242  INFO 18800 --- [http-nio-8080-exec-8] cn.czy15.webshirodemo.shiro.RedisCache   : Shiro从缓存中获取数据KEY值[eyJhbGciOiJIUzI1NiJ9.eyJqd3QtcGVybWlzc2lvbnMta2V5XyI6WyJzeXM6dXNlcjpsaXN0Iiwic3lzOnVzZXI6YWRkIiwic3lzOnVzZXI6dXBkYXRlIiwic3lzOnVzZXI6ZGV0YWlsIl0sInN1YiI6IjlhMjZmNWYxLWNiZDItNDczZC04MmRiLTFkNmRjZjQ1OThmOCIsImp3dC1yb2xlcy1rZXlfIjpbImFkbWluIl0sImlzcyI6ImN6eTE1LmNuIiwiand0LXVzZXItbmFtZS1rZXkiOiJhZG1pbiIsImV4cCI6MTU3NzYwOTcwMSwiaWF0IjoxNTc3NjAyNTAxfQ.-X4_QPKg7PLkSQrI38tqA2E4cpAEC5JAH_whMUaTUko]
2019-12-29 14:58:12.226  INFO 18800 --- [http-nio-8080-exec-3] c.c.w.shiro.CustomAccessControlerFilter  : POST
2019-12-29 14:58:12.226  INFO 18800 --- [http-nio-8080-exec-3] c.c.w.shiro.CustomAccessControlerFilter  : http://localhost:8080/api/users
2019-12-29 14:58:12.241  INFO 18800 --- [http-nio-8080-exec-3] cn.czy15.webshirodemo.shiro.RedisCache   : Shiro从缓存中获取数据KEY值[eyJhbGciOiJIUzI1NiJ9.eyJqd3QtcGVybWlzc2lvbnMta2V5XyI6WyJzeXM6dXNlcjpsaXN0Iiwic3lzOnVzZXI6YWRkIiwic3lzOnVzZXI6dXBkYXRlIiwic3lzOnVzZXI6ZGV0YWlsIl0sInN1YiI6IjlhMjZmNWYxLWNiZDItNDczZC04MmRiLTFkNmRjZjQ1OThmOCIsImp3dC1yb2xlcy1rZXlfIjpbImFkbWluIl0sImlzcyI6ImN6eTE1LmNuIiwiand0LXVzZXItbmFtZS1rZXkiOiJhZG1pbiIsImV4cCI6MTU3NzYwOTcwMSwiaWF0IjoxNTc3NjAyNTAxfQ.-X4_QPKg7PLkSQrI38tqA2E4cpAEC5JAH_whMUaTUko]
2019-12-29 14:58:12.245  INFO 18800 --- [http-nio-8080-exec-3] cn.czy15.webshirodemo.shiro.RedisCache   : Shiro从缓存中获取数据KEY值[eyJhbGciOiJIUzI1NiJ9.eyJqd3QtcGVybWlzc2lvbnMta2V5XyI6WyJzeXM6dXNlcjpsaXN0Iiwic3lzOnVzZXI6YWRkIiwic3lzOnVzZXI6dXBkYXRlIiwic3lzOnVzZXI6ZGV0YWlsIl0sInN1YiI6IjlhMjZmNWYxLWNiZDItNDczZC04MmRiLTFkNmRjZjQ1OThmOCIsImp3dC1yb2xlcy1rZXlfIjpbImFkbWluIl0sImlzcyI6ImN6eTE1LmNuIiwiand0LXVzZXItbmFtZS1rZXkiOiJhZG1pbiIsImV4cCI6MTU3NzYwOTcwMSwiaWF0IjoxNTc3NjAyNTAxfQ.-X4_QPKg7PLkSQrI38tqA2E4cpAEC5JAH_whMUaTUko]
